<?xml version="1.0" encoding="UTF-8"?>
<!-- Generated by org.testng.reporters.JUnitReportReporter -->
<testsuite hostname="DESKTOP-4I91AOD" failures="0" tests="3" name="mytest.Program" time="62.677" errors="0" timestamp="2022-11-03T10:07:06 IST" skipped="0">
  <testcase classname="mytest.Program" name="verifyTitle" time="13.417"/>
  <system-out/>
  <testcase classname="mytest.Program" name="searchBar" time="34.723"/>
  <system-out/>
  <testcase classname="mytest.Program" name="verifyLogo" time="14.537"/>
  <system-out/>
</testsuite> <!-- mytest.Program -->
